[10-Nov-2014 11:13:43 America/Mexico_City] SQLSTATE[42S22]: [Microsoft][SQL Server Native Client 11.0][SQL Server]El nombre de columna 'InvID' no es v치lido.
[11-Nov-2014 09:32:45 America/Mexico_City] SQLSTATE[42S22]: [Microsoft][SQL Server Native Client 11.0][SQL Server]El nombre de columna 'code' no es v치lido.
[11-Nov-2014 09:35:43 America/Mexico_City] 395
[11-Nov-2014 09:44:18 America/Mexico_City] 333
[11-Nov-2014 09:46:43 America/Mexico_City] 593
[11-Nov-2014 10:07:27 America/Mexico_City] 593
[11-Nov-2014 10:11:18 America/Mexico_City] 593
[11-Nov-2014 10:24:21 America/Mexico_City] 593
[11-Nov-2014 10:27:07 America/Mexico_City] 593
[11-Nov-2014 10:30:45 America/Mexico_City] 333
[11-Nov-2014 10:33:57 America/Mexico_City] 333
[11-Nov-2014 10:36:08 America/Mexico_City] 333
[16-Dec-2014 10:11:24 America/Mexico_City] 333
[16-Dec-2014 10:44:01 America/Mexico_City] 333
[16-Dec-2014 10:49:17 America/Mexico_City] 333
[16-Dec-2014 10:56:19 America/Mexico_City] 333
[16-Dec-2014 11:00:05 America/Mexico_City] 322
[16-Dec-2014 11:32:42 America/Mexico_City] 333
[16-Dec-2014 11:51:06 America/Mexico_City] 333
[17-Dec-2014 10:11:35 America/Mexico_City] 333
[17-Dec-2014 10:11:58 America/Mexico_City] 333
[17-Dec-2014 10:12:15 America/Mexico_City] 333
[17-Dec-2014 10:19:01 America/Mexico_City] 333
[06-Jan-2015 09:23:59 America/Mexico_City] 333
[06-Jan-2015 09:31:21 America/Mexico_City] 333
[06-Jan-2015 09:36:54 America/Mexico_City] 333
[06-Jan-2015 09:41:23 America/Mexico_City] 333
[06-Jan-2015 09:52:14 America/Mexico_City] 333
[06-Jan-2015 09:56:26 America/Mexico_City] 333
[07-Jan-2015 09:06:09 America/Mexico_City] 333
[07-Jan-2015 09:11:06 America/Mexico_City] 333
[07-Jan-2015 09:29:06 America/Mexico_City] 333
[07-Jan-2015 09:40:23 America/Mexico_City] 333
[22-Apr-2015 11:18:42 America/Mexico_City] SQLSTATE[42000]: [Microsoft][SQL Server Native Client 11.0][SQL Server]No se encontr칩 el procedimiento almacenado 'spThoValidaPwdPick'.
[22-Apr-2015 11:50:53 America/Mexico_City] 385
[22-Apr-2015 12:06:00 America/Mexico_City] 187
[30-Apr-2015 12:07:39 America/Mexico_City] 187
[30-Apr-2015 12:12:51 America/Mexico_City] 187
[30-Apr-2015 12:30:14 America/Mexico_City] 187
[04-May-2015 09:48:32 America/Mexico_City] 187
[04-May-2015 10:14:54 America/Mexico_City] 187
[04-May-2015 11:35:52 America/Mexico_City] 187
[05-May-2015 10:49:36 America/Mexico_City] 187
[07-Sep-2015 18:01:22 America/Mexico_City] 3
[03-Feb-2016 17:32:53 America/Mexico_City] SQLSTATE[28000]: [Microsoft][SQL Server Native Client 11.0][SQL Server]Error de inicio de sesi칩n del usuario 'sa'.
[03-Feb-2016 17:36:12 America/Mexico_City] 357
